<?xml version="1.0" encoding="UTF-8"?>
<!-- Generated by org.testng.reporters.JUnitXMLReporter -->
<testsuite ignored="0" hostname="DESKTOP-3NTDLTF" failures="1" tests="2" name="AmazonTest" time="47.545" errors="0" timestamp="2022-10-20T11:35:00 IST">
  <testcase classname="com.amazon.tests.AmazonTest" name="test1" time="30.036"/>
  <testcase classname="com.amazon.tests.AmazonTest" name="test1" time="34.246">
    <failure type="com.amazon.exceptions.WebElementNotFoundException" message="No element found using locator - By.xpath: //span[text()=&amp;apos;Show Less&amp;apos;]">
      <![CDATA[com.amazon.exceptions.WebElementNotFoundException: No element found using locator - By.xpath: //span[text()='Show Less']
at com.amazon.factories.ExplicitWaitFactory.performExplicitWait(ExplicitWaitFactory.java:65)
at com.amazon.pages.AmazonProductPage.getProductDetails(AmazonProductPage.java:62)
at com.amazon.tests.AmazonTest.test1(AmazonTest.java:55)
at java.base/java.util.concurrent.FutureTask.run(FutureTask.java:264)
at java.base/java.util.concurrent.Executors$RunnableAdapter.call(Executors.java:539)
at java.base/java.util.concurrent.FutureTask.run(FutureTask.java:264)
at java.base/java.util.concurrent.ThreadPoolExecutor.runWorker(ThreadPoolExecutor.java:1136)
at java.base/java.util.concurrent.ThreadPoolExecutor$Worker.run(ThreadPoolExecutor.java:635)
at java.base/java.lang.Thread.run(Thread.java:833)
... Removed 9 stack frames]]>
    </failure>
  </testcase> <!-- test1 -->
</testsuite> <!-- AmazonTest -->
