<?xml version="1.0" encoding="UTF-8"?>
<testsuite xmlns:xsi="http://www.w3.org/2001/XMLSchema-instance" xsi:noNamespaceSchemaLocation="https://maven.apache.org/surefire/maven-surefire-plugin/xsd/surefire-test-report-3.0.xsd" version="3.0" name="TestSuite" time="39.095" tests="2" errors="0" skipped="0" failures="0">
  <properties>
[...]
</properties>
  <testcase name="test1[com.amazon.dataprovider.AmazonTestData@9caea11](1)" classname="com.amazon.tests.AmazonTest" time="19.879">
    <system-err><![CDATA[SLF4J: Failed to load class "org.slf4j.impl.StaticLoggerBinder".
SLF4J: Defaulting to no-operation (NOP) logger implementation
SLF4J: See http://www.slf4j.org/codes.html#StaticLoggerBinder for further details.
ERROR StatusLogger Log4j2 could not find a logging implementation. Please add log4j-core to the classpath. Using SimpleLogger to log to the console...
1666256052385	geckodriver	INFO	Listening on 127.0.0.1:63540
Starting ChromeDriver 106.0.5249.61 (511755355844955cd3e264779baf0dd38212a4d0-refs/branch-heads/5249@{#569}) on port 64916
Only local connections are allowed.
Please see https://chromedriver.chromium.org/security-considerations for suggestions on keeping ChromeDriver safe.
ChromeDriver was started successfully.
1666256052756	mozrunner::runner	INFO	Running command: "C:\\Program Files\\Mozilla Firefox\\firefox.exe" "--marionette" "--remote-debugging-port" "55231" "--remote-allow-hosts" "localhost" "--remote-allow-origins" "http://localhost:55231/" "-no-remote" "-profile" "C:\\Users\\Sundar\\AppData\\Local\\Temp\\rust_mozprofilejrlDjE"
1666256053578	Marionette	INFO	Marionette enabled
1666256053590	Marionette	INFO	Listening on port 59538
Oct 20, 2022 2:24:13 PM org.openqa.selenium.remote.ProtocolHandshake createSession
INFO: Detected upstream dialect: W3C
Read port: 59538
Oct 20, 2022 2:24:13 PM org.openqa.selenium.devtools.CdpVersionFinder findNearestMatch
WARNING: Unable to find an exact match for CDP version 106, so returning the closest version found: 102
Oct 20, 2022 2:24:13 PM org.openqa.selenium.devtools.CdpVersionFinder findNearestMatch
INFO: Found CDP implementation for version 106 of 102
WebDriver BiDi listening on ws://127.0.0.1:55231
1666256053927	RemoteAgent	WARN	TLS certificate errors will be ignored for this session
console.warn: SearchSettings: "get: No settings file exists, new profile?" (new NotFoundError("Could not open the file at C:\\Users\\Sundar\\AppData\\Local\\Temp\\rust_mozprofilejrlDjE\\search.json.mozlz4", (void 0)))
DevTools listening on ws://127.0.0.1:55231/devtools/browser/46ed9f44-f7b3-4419-8235-b0dc4d22cdc6
Oct 20, 2022 2:24:16 PM org.openqa.selenium.remote.ProtocolHandshake createSession
INFO: Detected upstream dialect: W3C
JavaScript error: resource://gre/modules/URIFixup.jsm, line 307: NS_ERROR_FAILURE: Should pass a non-null uri
JavaScript warning: https://www.amazon.in/ line 7 > injectedScript, line 1: WEBGL_debug_renderer_info is deprecated in Firefox and will be removed. Please use RENDERER.
JavaScript warning: https://www.amazon.in/gp/browse.html?node=1389396031&ref_=nav_em_sbc_tvelec_television_0_2_9_2 line 7 > injectedScript, line 1: WEBGL_debug_renderer_info is deprecated in Firefox and will be removed. Please use RENDERER.
JavaScript warning: https://www.amazon.in/s?bbn=1389396031&rh=n%3A1389396031%2Cp_89%3ALG&dc&qid=1666256063&rnid=3837712031&ref=lp_1389396031_nr_p_89_3 line 7 > injectedScript, line 1: WEBGL_debug_renderer_info is deprecated in Firefox and will be removed. Please use RENDERER.
JavaScript warning: https://www.amazon.in/s?i=electronics&bbn=1389396031&rh=n%3A1389396031%2Cp_89%3ALG&s=price-asc-rank&dc&ds=v1%3AxAqc%2F5DMT%2FFBIWTMwe34jxgZSKMlbjOl0iLHtc5wwvI&qid=1666256070&rnid=3837712031&ref=sr_st_price-asc-rank line 7 > injectedScript, line 1: WEBGL_debug_renderer_info is deprecated in Firefox and will be removed. Please use RENDERER.
]]></system-err>
  </testcase>
  <testcase name="test1[com.amazon.dataprovider.AmazonTestData@4161cf46](2)" classname="com.amazon.tests.AmazonTest" time="24.915">
    <system-err><![CDATA[1666256079749	Marionette	INFO	Stopped listening on port 59538
JavaScript error: https://images-eu.ssl-images-amazon.com/images/I/61NeHXhGwSL.js?AUIClients/AmazonUIjQuery&KK9dlo3A#412402-T1.412405-T1, line 45: TypeError: a is undefined
]]></system-err>
  </testcase>
</testsuite>