<?xml version="1.0" encoding="UTF-8"?>
<testng-results ignored="0" total="2" passed="1" failed="1" skipped="0">
  <reporter-output>
  </reporter-output>
  <suite started-at="2022-10-20T11:34:10 IST" name="Suite" finished-at="2022-10-20T11:34:57 IST" duration-ms="47545">
    <groups>
    </groups>
    <test started-at="2022-10-20T11:34:10 IST" name="AmazonTest" finished-at="2022-10-20T11:34:57 IST" duration-ms="47545">
      <class name="com.amazon.tests.AmazonTest">
        <test-method is-config="true" signature="setUp([Ljava.lang.Object;)[pri:0, instance:com.amazon.tests.AmazonTest@1349883]" started-at="2022-10-20T11:34:10 IST" name="setUp" finished-at="2022-10-20T11:34:20 IST" duration-ms="9481" status="PASS">
          <params>
            <param index="0">
              <value>
                <![CDATA[[Ljava.lang.Object;@232024b9]]>
              </value>
            </param>
          </params>
          <reporter-output>
          </reporter-output>
        </test-method> <!-- setUp -->
        <test-method is-config="true" signature="setUp([Ljava.lang.Object;)[pri:0, instance:com.amazon.tests.AmazonTest@1349883]" started-at="2022-10-20T11:34:10 IST" name="setUp" finished-at="2022-10-20T11:34:17 IST" duration-ms="6749" status="PASS">
          <params>
            <param index="0">
              <value>
                <![CDATA[[Ljava.lang.Object;@55a8dc49]]>
              </value>
            </param>
          </params>
          <reporter-output>
          </reporter-output>
        </test-method> <!-- setUp -->
        <test-method signature="test1(com.amazon.dataprovider.AmazonTestData)[pri:0, instance:com.amazon.tests.AmazonTest@1349883]" started-at="2022-10-20T11:34:17 IST" name="test1" data-provider="supplyParallelData" finished-at="2022-10-20T11:34:47 IST" duration-ms="30036" status="PASS">
          <params>
            <param index="0">
              <value>
                <![CDATA[com.amazon.dataprovider.AmazonTestData@156b2b54]]>
              </value>
            </param>
          </params>
          <reporter-output>
          </reporter-output>
        </test-method> <!-- test1 -->
        <test-method signature="test1(com.amazon.dataprovider.AmazonTestData)[pri:0, instance:com.amazon.tests.AmazonTest@1349883]" started-at="2022-10-20T11:34:20 IST" name="test1" data-provider="supplyParallelData" finished-at="2022-10-20T11:34:54 IST" duration-ms="34246" status="FAIL">
          <params>
            <param index="0">
              <value>
                <![CDATA[com.amazon.dataprovider.AmazonTestData@22ab9817]]>
              </value>
            </param>
          </params>
          <exception class="com.amazon.exceptions.WebElementNotFoundException">
            <message>
              <![CDATA[No element found using locator - By.xpath: //span[text()='Show Less']]]>
            </message>
            <full-stacktrace>
              <![CDATA[com.amazon.exceptions.WebElementNotFoundException: No element found using locator - By.xpath: //span[text()='Show Less']
at com.amazon.factories.ExplicitWaitFactory.performExplicitWait(ExplicitWaitFactory.java:65)
at com.amazon.pages.AmazonProductPage.getProductDetails(AmazonProductPage.java:62)
at com.amazon.tests.AmazonTest.test1(AmazonTest.java:55)
at java.base/jdk.internal.reflect.NativeMethodAccessorImpl.invoke0(Native Method)
at java.base/jdk.internal.reflect.NativeMethodAccessorImpl.invoke(NativeMethodAccessorImpl.java:77)
at java.base/jdk.internal.reflect.DelegatingMethodAccessorImpl.invoke(DelegatingMethodAccessorImpl.java:43)
at java.base/java.lang.reflect.Method.invoke(Method.java:568)
at org.testng.internal.invokers.MethodInvocationHelper.invokeMethod(MethodInvocationHelper.java:139)
at org.testng.internal.invokers.TestInvoker.invokeMethod(TestInvoker.java:677)
at org.testng.internal.invokers.TestInvoker.invokeTestMethod(TestInvoker.java:221)
at org.testng.internal.invokers.TestMethodWithDataProviderMethodWorker.call(TestMethodWithDataProviderMethodWorker.java:80)
at org.testng.internal.invokers.TestMethodWithDataProviderMethodWorker.call(TestMethodWithDataProviderMethodWorker.java:17)
at java.base/java.util.concurrent.FutureTask.run(FutureTask.java:264)
at java.base/java.util.concurrent.Executors$RunnableAdapter.call(Executors.java:539)
at java.base/java.util.concurrent.FutureTask.run(FutureTask.java:264)
at java.base/java.util.concurrent.ThreadPoolExecutor.runWorker(ThreadPoolExecutor.java:1136)
at java.base/java.util.concurrent.ThreadPoolExecutor$Worker.run(ThreadPoolExecutor.java:635)
at java.base/java.lang.Thread.run(Thread.java:833)
]]>
            </full-stacktrace>
          </exception> <!-- com.amazon.exceptions.WebElementNotFoundException -->
          <reporter-output>
          </reporter-output>
        </test-method> <!-- test1 -->
        <test-method is-config="true" signature="tearDown()[pri:0, instance:com.amazon.tests.AmazonTest@1349883]" started-at="2022-10-20T11:34:48 IST" name="tearDown" finished-at="2022-10-20T11:34:49 IST" duration-ms="1294" status="PASS">
          <reporter-output>
          </reporter-output>
        </test-method> <!-- tearDown -->
        <test-method is-config="true" signature="tearDown()[pri:0, instance:com.amazon.tests.AmazonTest@1349883]" started-at="2022-10-20T11:34:55 IST" name="tearDown" finished-at="2022-10-20T11:34:57 IST" duration-ms="2693" status="PASS">
          <reporter-output>
          </reporter-output>
        </test-method> <!-- tearDown -->
      </class> <!-- com.amazon.tests.AmazonTest -->
    </test> <!-- AmazonTest -->
  </suite> <!-- Suite -->
</testng-results>
